[2023-09-11 00:35:33] local.ERROR: Attempt to read property "description" on null (View: /var/www/html/whistler/framework/resources/views/emails/service_reminder.blade.php) {"exception":"[object] (Illuminate\\View\\ViewException(code: 0): Attempt to read property \"description\" on null (View: /var/www/html/whistler/framework/resources/views/emails/service_reminder.blade.php) at /var/www/html/whistler/framework/storage/framework/views/026584074cb3b3e4d6d1c5cc827f36cc059ef57b.php:13)
[stacktrace]
#0 /var/www/html/whistler/framework/vendor/laravel/framework/src/Illuminate/View/Engines/PhpEngine.php(60): Illuminate\\View\\Engines\\CompilerEngine->handleViewException()
#1 /var/www/html/whistler/framework/vendor/laravel/framework/src/Illuminate/View/Engines/CompilerEngine.php(70): Illuminate\\View\\Engines\\PhpEngine->evaluatePath()
#2 /var/www/html/whistler/framework/vendor/laravel/framework/src/Illuminate/View/View.php(195): Illuminate\\View\\Engines\\CompilerEngine->get()
#3 /var/www/html/whistler/framework/vendor/laravel/framework/src/Illuminate/View/View.php(178): Illuminate\\View\\View->getContents()
#4 /var/www/html/whistler/framework/vendor/laravel/framework/src/Illuminate/View/View.php(147): Illuminate\\View\\View->renderContents()
#5 /var/www/html/whistler/framework/vendor/laravel/framework/src/Illuminate/Mail/Markdown.php(65): Illuminate\\View\\View->render()
#6 /var/www/html/whistler/framework/vendor/laravel/framework/src/Illuminate/Mail/Mailable.php(334): Illuminate\\Mail\\Markdown->render()
#7 /var/www/html/whistler/framework/vendor/laravel/framework/src/Illuminate/Mail/Mailable.php(304): Illuminate\\Mail\\Mailable->buildMarkdownView()
#8 /var/www/html/whistler/framework/vendor/laravel/framework/src/Illuminate/Mail/Mailable.php(204): Illuminate\\Mail\\Mailable->buildView()
#9 /var/www/html/whistler/framework/vendor/laravel/framework/src/Illuminate/Support/Traits/Localizable.php(19): Illuminate\\Mail\\Mailable->Illuminate\\Mail\\{closure}()
#10 /var/www/html/whistler/framework/vendor/laravel/framework/src/Illuminate/Mail/Mailable.php(197): Illuminate\\Mail\\Mailable->withLocale()
#11 /var/www/html/whistler/framework/vendor/laravel/framework/src/Illuminate/Mail/Mailer.php(309): Illuminate\\Mail\\Mailable->send()
#12 /var/www/html/whistler/framework/vendor/laravel/framework/src/Illuminate/Mail/Mailer.php(253): Illuminate\\Mail\\Mailer->sendMailable()
#13 /var/www/html/whistler/framework/vendor/laravel/framework/src/Illuminate/Mail/PendingMail.php(124): Illuminate\\Mail\\Mailer->send()
#14 /var/www/html/whistler/framework/app/Console/Commands/CheckServiceReminders.php(102): Illuminate\\Mail\\PendingMail->send()
#15 /var/www/html/whistler/framework/app/Console/Commands/CheckServiceReminders.php(67): App\\Console\\Commands\\CheckServiceReminders->sendEmail()
#16 /var/www/html/whistler/framework/vendor/laravel/framework/src/Illuminate/Container/BoundMethod.php(36): App\\Console\\Commands\\CheckServiceReminders->handle()
#17 /var/www/html/whistler/framework/vendor/laravel/framework/src/Illuminate/Container/Util.php(41): Illuminate\\Container\\BoundMethod::Illuminate\\Container\\{closure}()
#18 /var/www/html/whistler/framework/vendor/laravel/framework/src/Illuminate/Container/BoundMethod.php(93): Illuminate\\Container\\Util::unwrapIfClosure()
#19 /var/www/html/whistler/framework/vendor/laravel/framework/src/Illuminate/Container/BoundMethod.php(35): Illuminate\\Container\\BoundMethod::callBoundMethod()
#20 /var/www/html/whistler/framework/vendor/laravel/framework/src/Illuminate/Container/Container.php(661): Illuminate\\Container\\BoundMethod::call()
#21 /var/www/html/whistler/framework/vendor/laravel/framework/src/Illuminate/Console/Command.php(183): Illuminate\\Container\\Container->call()
#22 /var/www/html/whistler/framework/vendor/symfony/console/Command/Command.php(312): Illuminate\\Console\\Command->execute()
#23 /var/www/html/whistler/framework/vendor/laravel/framework/src/Illuminate/Console/Command.php(152): Symfony\\Component\\Console\\Command\\Command->run()
#24 /var/www/html/whistler/framework/vendor/symfony/console/Application.php(1022): Illuminate\\Console\\Command->run()
#25 /var/www/html/whistler/framework/vendor/symfony/console/Application.php(314): Symfony\\Component\\Console\\Application->doRunCommand()
#26 /var/www/html/whistler/framework/vendor/symfony/console/Application.php(168): Symfony\\Component\\Console\\Application->doRun()
#27 /var/www/html/whistler/framework/vendor/laravel/framework/src/Illuminate/Console/Application.php(102): Symfony\\Component\\Console\\Application->run()
#28 /var/www/html/whistler/framework/vendor/laravel/framework/src/Illuminate/Foundation/Console/Kernel.php(155): Illuminate\\Console\\Application->run()
#29 /var/www/html/whistler/framework/artisan(13): Illuminate\\Foundation\\Console\\Kernel->handle()
#30 {main}

[previous exception] [object] (ErrorException(code: 0): Attempt to read property \"description\" on null at /var/www/html/whistler/framework/storage/framework/views/026584074cb3b3e4d6d1c5cc827f36cc059ef57b.php:13)
[stacktrace]
#0 /var/www/html/whistler/framework/vendor/laravel/framework/src/Illuminate/Foundation/Bootstrap/HandleExceptions.php(266): Illuminate\\Foundation\\Bootstrap\\HandleExceptions->handleError()
#1 /var/www/html/whistler/framework/storage/framework/views/026584074cb3b3e4d6d1c5cc827f36cc059ef57b.php(13): Illuminate\\Foundation\\Bootstrap\\HandleExceptions->Illuminate\\Foundation\\Bootstrap\\{closure}()
#2 /var/www/html/whistler/framework/vendor/laravel/framework/src/Illuminate/Filesystem/Filesystem.php(109): require('/var/www/html/w...')
#3 /var/www/html/whistler/framework/vendor/laravel/framework/src/Illuminate/Filesystem/Filesystem.php(110): Illuminate\\Filesystem\\Filesystem::Illuminate\\Filesystem\\{closure}()
#4 /var/www/html/whistler/framework/vendor/laravel/framework/src/Illuminate/View/Engines/PhpEngine.php(58): Illuminate\\Filesystem\\Filesystem->getRequire()
#5 /var/www/html/whistler/framework/vendor/laravel/framework/src/Illuminate/View/Engines/CompilerEngine.php(70): Illuminate\\View\\Engines\\PhpEngine->evaluatePath()
#6 /var/www/html/whistler/framework/vendor/laravel/framework/src/Illuminate/View/View.php(195): Illuminate\\View\\Engines\\CompilerEngine->get()
#7 /var/www/html/whistler/framework/vendor/laravel/framework/src/Illuminate/View/View.php(178): Illuminate\\View\\View->getContents()
#8 /var/www/html/whistler/framework/vendor/laravel/framework/src/Illuminate/View/View.php(147): Illuminate\\View\\View->renderContents()
#9 /var/www/html/whistler/framework/vendor/laravel/framework/src/Illuminate/Mail/Markdown.php(65): Illuminate\\View\\View->render()
#10 /var/www/html/whistler/framework/vendor/laravel/framework/src/Illuminate/Mail/Mailable.php(334): Illuminate\\Mail\\Markdown->render()
#11 /var/www/html/whistler/framework/vendor/laravel/framework/src/Illuminate/Mail/Mailable.php(304): Illuminate\\Mail\\Mailable->buildMarkdownView()
#12 /var/www/html/whistler/framework/vendor/laravel/framework/src/Illuminate/Mail/Mailable.php(204): Illuminate\\Mail\\Mailable->buildView()
#13 /var/www/html/whistler/framework/vendor/laravel/framework/src/Illuminate/Support/Traits/Localizable.php(19): Illuminate\\Mail\\Mailable->Illuminate\\Mail\\{closure}()
#14 /var/www/html/whistler/framework/vendor/laravel/framework/src/Illuminate/Mail/Mailable.php(197): Illuminate\\Mail\\Mailable->withLocale()
#15 /var/www/html/whistler/framework/vendor/laravel/framework/src/Illuminate/Mail/Mailer.php(309): Illuminate\\Mail\\Mailable->send()
#16 /var/www/html/whistler/framework/vendor/laravel/framework/src/Illuminate/Mail/Mailer.php(253): Illuminate\\Mail\\Mailer->sendMailable()
#17 /var/www/html/whistler/framework/vendor/laravel/framework/src/Illuminate/Mail/PendingMail.php(124): Illuminate\\Mail\\Mailer->send()
#18 /var/www/html/whistler/framework/app/Console/Commands/CheckServiceReminders.php(102): Illuminate\\Mail\\PendingMail->send()
#19 /var/www/html/whistler/framework/app/Console/Commands/CheckServiceReminders.php(67): App\\Console\\Commands\\CheckServiceReminders->sendEmail()
#20 /var/www/html/whistler/framework/vendor/laravel/framework/src/Illuminate/Container/BoundMethod.php(36): App\\Console\\Commands\\CheckServiceReminders->handle()
#21 /var/www/html/whistler/framework/vendor/laravel/framework/src/Illuminate/Container/Util.php(41): Illuminate\\Container\\BoundMethod::Illuminate\\Container\\{closure}()
#22 /var/www/html/whistler/framework/vendor/laravel/framework/src/Illuminate/Container/BoundMethod.php(93): Illuminate\\Container\\Util::unwrapIfClosure()
#23 /var/www/html/whistler/framework/vendor/laravel/framework/src/Illuminate/Container/BoundMethod.php(35): Illuminate\\Container\\BoundMethod::callBoundMethod()
#24 /var/www/html/whistler/framework/vendor/laravel/framework/src/Illuminate/Container/Container.php(661): Illuminate\\Container\\BoundMethod::call()
#25 /var/www/html/whistler/framework/vendor/laravel/framework/src/Illuminate/Console/Command.php(183): Illuminate\\Container\\Container->call()
#26 /var/www/html/whistler/framework/vendor/symfony/console/Command/Command.php(312): Illuminate\\Console\\Command->execute()
#27 /var/www/html/whistler/framework/vendor/laravel/framework/src/Illuminate/Console/Command.php(152): Symfony\\Component\\Console\\Command\\Command->run()
#28 /var/www/html/whistler/framework/vendor/symfony/console/Application.php(1022): Illuminate\\Console\\Command->run()
#29 /var/www/html/whistler/framework/vendor/symfony/console/Application.php(314): Symfony\\Component\\Console\\Application->doRunCommand()
#30 /var/www/html/whistler/framework/vendor/symfony/console/Application.php(168): Symfony\\Component\\Console\\Application->doRun()
#31 /var/www/html/whistler/framework/vendor/laravel/framework/src/Illuminate/Console/Application.php(102): Symfony\\Component\\Console\\Application->run()
#32 /var/www/html/whistler/framework/vendor/laravel/framework/src/Illuminate/Foundation/Console/Kernel.php(155): Illuminate\\Console\\Application->run()
#33 /var/www/html/whistler/framework/artisan(13): Illuminate\\Foundation\\Console\\Kernel->handle()
#34 {main}
"} 
[2023-09-11 00:36:28] local.ERROR: Attempt to read property "description" on null (View: /var/www/html/whistler/framework/resources/views/emails/service_reminder.blade.php) {"exception":"[object] (Illuminate\\View\\ViewException(code: 0): Attempt to read property \"description\" on null (View: /var/www/html/whistler/framework/resources/views/emails/service_reminder.blade.php) at /var/www/html/whistler/framework/storage/framework/views/026584074cb3b3e4d6d1c5cc827f36cc059ef57b.php:13)
[stacktrace]
#0 /var/www/html/whistler/framework/vendor/laravel/framework/src/Illuminate/View/Engines/PhpEngine.php(60): Illuminate\\View\\Engines\\CompilerEngine->handleViewException()
#1 /var/www/html/whistler/framework/vendor/laravel/framework/src/Illuminate/View/Engines/CompilerEngine.php(70): Illuminate\\View\\Engines\\PhpEngine->evaluatePath()
#2 /var/www/html/whistler/framework/vendor/laravel/framework/src/Illuminate/View/View.php(195): Illuminate\\View\\Engines\\CompilerEngine->get()
#3 /var/www/html/whistler/framework/vendor/laravel/framework/src/Illuminate/View/View.php(178): Illuminate\\View\\View->getContents()
#4 /var/www/html/whistler/framework/vendor/laravel/framework/src/Illuminate/View/View.php(147): Illuminate\\View\\View->renderContents()
#5 /var/www/html/whistler/framework/vendor/laravel/framework/src/Illuminate/Mail/Markdown.php(65): Illuminate\\View\\View->render()
#6 /var/www/html/whistler/framework/vendor/laravel/framework/src/Illuminate/Mail/Mailable.php(334): Illuminate\\Mail\\Markdown->render()
#7 /var/www/html/whistler/framework/vendor/laravel/framework/src/Illuminate/Mail/Mailable.php(304): Illuminate\\Mail\\Mailable->buildMarkdownView()
#8 /var/www/html/whistler/framework/vendor/laravel/framework/src/Illuminate/Mail/Mailable.php(204): Illuminate\\Mail\\Mailable->buildView()
#9 /var/www/html/whistler/framework/vendor/laravel/framework/src/Illuminate/Support/Traits/Localizable.php(19): Illuminate\\Mail\\Mailable->Illuminate\\Mail\\{closure}()
#10 /var/www/html/whistler/framework/vendor/laravel/framework/src/Illuminate/Mail/Mailable.php(197): Illuminate\\Mail\\Mailable->withLocale()
#11 /var/www/html/whistler/framework/vendor/laravel/framework/src/Illuminate/Mail/Mailer.php(309): Illuminate\\Mail\\Mailable->send()
#12 /var/www/html/whistler/framework/vendor/laravel/framework/src/Illuminate/Mail/Mailer.php(253): Illuminate\\Mail\\Mailer->sendMailable()
#13 /var/www/html/whistler/framework/vendor/laravel/framework/src/Illuminate/Mail/PendingMail.php(124): Illuminate\\Mail\\Mailer->send()
#14 /var/www/html/whistler/framework/app/Console/Commands/CheckServiceReminders.php(102): Illuminate\\Mail\\PendingMail->send()
#15 /var/www/html/whistler/framework/app/Console/Commands/CheckServiceReminders.php(67): App\\Console\\Commands\\CheckServiceReminders->sendEmail()
#16 /var/www/html/whistler/framework/vendor/laravel/framework/src/Illuminate/Container/BoundMethod.php(36): App\\Console\\Commands\\CheckServiceReminders->handle()
#17 /var/www/html/whistler/framework/vendor/laravel/framework/src/Illuminate/Container/Util.php(41): Illuminate\\Container\\BoundMethod::Illuminate\\Container\\{closure}()
#18 /var/www/html/whistler/framework/vendor/laravel/framework/src/Illuminate/Container/BoundMethod.php(93): Illuminate\\Container\\Util::unwrapIfClosure()
#19 /var/www/html/whistler/framework/vendor/laravel/framework/src/Illuminate/Container/BoundMethod.php(35): Illuminate\\Container\\BoundMethod::callBoundMethod()
#20 /var/www/html/whistler/framework/vendor/laravel/framework/src/Illuminate/Container/Container.php(661): Illuminate\\Container\\BoundMethod::call()
#21 /var/www/html/whistler/framework/vendor/laravel/framework/src/Illuminate/Console/Command.php(183): Illuminate\\Container\\Container->call()
#22 /var/www/html/whistler/framework/vendor/symfony/console/Command/Command.php(312): Illuminate\\Console\\Command->execute()
#23 /var/www/html/whistler/framework/vendor/laravel/framework/src/Illuminate/Console/Command.php(152): Symfony\\Component\\Console\\Command\\Command->run()
#24 /var/www/html/whistler/framework/vendor/symfony/console/Application.php(1022): Illuminate\\Console\\Command->run()
#25 /var/www/html/whistler/framework/vendor/symfony/console/Application.php(314): Symfony\\Component\\Console\\Application->doRunCommand()
#26 /var/www/html/whistler/framework/vendor/symfony/console/Application.php(168): Symfony\\Component\\Console\\Application->doRun()
#27 /var/www/html/whistler/framework/vendor/laravel/framework/src/Illuminate/Console/Application.php(102): Symfony\\Component\\Console\\Application->run()
#28 /var/www/html/whistler/framework/vendor/laravel/framework/src/Illuminate/Foundation/Console/Kernel.php(155): Illuminate\\Console\\Application->run()
#29 /var/www/html/whistler/framework/artisan(13): Illuminate\\Foundation\\Console\\Kernel->handle()
#30 {main}

[previous exception] [object] (ErrorException(code: 0): Attempt to read property \"description\" on null at /var/www/html/whistler/framework/storage/framework/views/026584074cb3b3e4d6d1c5cc827f36cc059ef57b.php:13)
[stacktrace]
#0 /var/www/html/whistler/framework/vendor/laravel/framework/src/Illuminate/Foundation/Bootstrap/HandleExceptions.php(266): Illuminate\\Foundation\\Bootstrap\\HandleExceptions->handleError()
#1 /var/www/html/whistler/framework/storage/framework/views/026584074cb3b3e4d6d1c5cc827f36cc059ef57b.php(13): Illuminate\\Foundation\\Bootstrap\\HandleExceptions->Illuminate\\Foundation\\Bootstrap\\{closure}()
#2 /var/www/html/whistler/framework/vendor/laravel/framework/src/Illuminate/Filesystem/Filesystem.php(109): require('/var/www/html/w...')
#3 /var/www/html/whistler/framework/vendor/laravel/framework/src/Illuminate/Filesystem/Filesystem.php(110): Illuminate\\Filesystem\\Filesystem::Illuminate\\Filesystem\\{closure}()
#4 /var/www/html/whistler/framework/vendor/laravel/framework/src/Illuminate/View/Engines/PhpEngine.php(58): Illuminate\\Filesystem\\Filesystem->getRequire()
#5 /var/www/html/whistler/framework/vendor/laravel/framework/src/Illuminate/View/Engines/CompilerEngine.php(70): Illuminate\\View\\Engines\\PhpEngine->evaluatePath()
#6 /var/www/html/whistler/framework/vendor/laravel/framework/src/Illuminate/View/View.php(195): Illuminate\\View\\Engines\\CompilerEngine->get()
#7 /var/www/html/whistler/framework/vendor/laravel/framework/src/Illuminate/View/View.php(178): Illuminate\\View\\View->getContents()
#8 /var/www/html/whistler/framework/vendor/laravel/framework/src/Illuminate/View/View.php(147): Illuminate\\View\\View->renderContents()
#9 /var/www/html/whistler/framework/vendor/laravel/framework/src/Illuminate/Mail/Markdown.php(65): Illuminate\\View\\View->render()
#10 /var/www/html/whistler/framework/vendor/laravel/framework/src/Illuminate/Mail/Mailable.php(334): Illuminate\\Mail\\Markdown->render()
#11 /var/www/html/whistler/framework/vendor/laravel/framework/src/Illuminate/Mail/Mailable.php(304): Illuminate\\Mail\\Mailable->buildMarkdownView()
#12 /var/www/html/whistler/framework/vendor/laravel/framework/src/Illuminate/Mail/Mailable.php(204): Illuminate\\Mail\\Mailable->buildView()
#13 /var/www/html/whistler/framework/vendor/laravel/framework/src/Illuminate/Support/Traits/Localizable.php(19): Illuminate\\Mail\\Mailable->Illuminate\\Mail\\{closure}()
#14 /var/www/html/whistler/framework/vendor/laravel/framework/src/Illuminate/Mail/Mailable.php(197): Illuminate\\Mail\\Mailable->withLocale()
#15 /var/www/html/whistler/framework/vendor/laravel/framework/src/Illuminate/Mail/Mailer.php(309): Illuminate\\Mail\\Mailable->send()
#16 /var/www/html/whistler/framework/vendor/laravel/framework/src/Illuminate/Mail/Mailer.php(253): Illuminate\\Mail\\Mailer->sendMailable()
#17 /var/www/html/whistler/framework/vendor/laravel/framework/src/Illuminate/Mail/PendingMail.php(124): Illuminate\\Mail\\Mailer->send()
#18 /var/www/html/whistler/framework/app/Console/Commands/CheckServiceReminders.php(102): Illuminate\\Mail\\PendingMail->send()
#19 /var/www/html/whistler/framework/app/Console/Commands/CheckServiceReminders.php(67): App\\Console\\Commands\\CheckServiceReminders->sendEmail()
#20 /var/www/html/whistler/framework/vendor/laravel/framework/src/Illuminate/Container/BoundMethod.php(36): App\\Console\\Commands\\CheckServiceReminders->handle()
#21 /var/www/html/whistler/framework/vendor/laravel/framework/src/Illuminate/Container/Util.php(41): Illuminate\\Container\\BoundMethod::Illuminate\\Container\\{closure}()
#22 /var/www/html/whistler/framework/vendor/laravel/framework/src/Illuminate/Container/BoundMethod.php(93): Illuminate\\Container\\Util::unwrapIfClosure()
#23 /var/www/html/whistler/framework/vendor/laravel/framework/src/Illuminate/Container/BoundMethod.php(35): Illuminate\\Container\\BoundMethod::callBoundMethod()
#24 /var/www/html/whistler/framework/vendor/laravel/framework/src/Illuminate/Container/Container.php(661): Illuminate\\Container\\BoundMethod::call()
#25 /var/www/html/whistler/framework/vendor/laravel/framework/src/Illuminate/Console/Command.php(183): Illuminate\\Container\\Container->call()
#26 /var/www/html/whistler/framework/vendor/symfony/console/Command/Command.php(312): Illuminate\\Console\\Command->execute()
#27 /var/www/html/whistler/framework/vendor/laravel/framework/src/Illuminate/Console/Command.php(152): Symfony\\Component\\Console\\Command\\Command->run()
#28 /var/www/html/whistler/framework/vendor/symfony/console/Application.php(1022): Illuminate\\Console\\Command->run()
#29 /var/www/html/whistler/framework/vendor/symfony/console/Application.php(314): Symfony\\Component\\Console\\Application->doRunCommand()
#30 /var/www/html/whistler/framework/vendor/symfony/console/Application.php(168): Symfony\\Component\\Console\\Application->doRun()
#31 /var/www/html/whistler/framework/vendor/laravel/framework/src/Illuminate/Console/Application.php(102): Symfony\\Component\\Console\\Application->run()
#32 /var/www/html/whistler/framework/vendor/laravel/framework/src/Illuminate/Foundation/Console/Kernel.php(155): Illuminate\\Console\\Application->run()
#33 /var/www/html/whistler/framework/artisan(13): Illuminate\\Foundation\\Console\\Kernel->handle()
#34 {main}
"} 
